{"uuid":"cb16d9e3-94fe-453f-a7e9-b8429018dbc7","historyId":"bc50412c21d8f3b407f8fd3749a66c57","fullName":"tooSmart.LoginTests.loginEmpty","labels":[{"name":"package","value":"tooSmart.LoginTests"},{"name":"testClass","value":"tooSmart.LoginTests"},{"name":"testMethod","value":"loginEmpty"},{"name":"parentSuite","value":"Default Suite"},{"name":"suite","value":"automationFirst"},{"name":"subSuite","value":"tooSmart.LoginTests"},{"name":"host","value":"alexander-System-Product-Name"},{"name":"thread","value":"6111@alexander-System-Product-Name.main(1)"},{"name":"epic","value":"Проверка страницы логина"},{"name":"feature","value":"Страница логина"},{"name":"severity","value":"normal"}],"links":[],"name":"loginEmpty","status":"failed","statusDetails":{"known":false,"muted":false,"flaky":false,"message":"expected [[[ChromeDriver: chrome on LINUX (13b31161096d0e1f341b362116a9d393)] -> xpath: //div[contains(text(),'login is required')]]] but found [login is required]","trace":"java.lang.AssertionError: expected [[[ChromeDriver: chrome on LINUX (13b31161096d0e1f341b362116a9d393)] -> xpath: //div[contains(text(),'login is required')]]] but found [login is required]\n\tat org.testng.Assert.fail(Assert.java:96)\n\tat org.testng.Assert.failNotEquals(Assert.java:776)\n\tat org.testng.Assert.assertEqualsImpl(Assert.java:137)\n\tat org.testng.Assert.assertEquals(Assert.java:118)\n\tat org.testng.Assert.assertEquals(Assert.java:442)\n\tat tooSmart.Driver.Asserts.loginErrors_aroundBody0(Asserts.java:19)\n\tat tooSmart.Driver.Asserts$AjcClosure1.run(Asserts.java:1)\n\tat org.aspectj.runtime.reflect.JoinPointImpl.proceed(JoinPointImpl.java:149)\n\tat io.qameta.allure.aspects.StepsAspects.step(StepsAspects.java:46)\n\tat tooSmart.Driver.Asserts.loginErrors(Asserts.java:19)\n\tat tooSmart.LoginTests.loginEmpty(LoginTests.java:26)\n\tat java.base/jdk.internal.reflect.NativeMethodAccessorImpl.invoke0(Native Method)\n\tat java.base/jdk.internal.reflect.NativeMethodAccessorImpl.invoke(NativeMethodAccessorImpl.java:62)\n\tat java.base/jdk.internal.reflect.DelegatingMethodAccessorImpl.invoke(DelegatingMethodAccessorImpl.java:43)\n\tat java.base/java.lang.reflect.Method.invoke(Method.java:566)\n\tat org.testng.internal.MethodInvocationHelper.invokeMethod(MethodInvocationHelper.java:124)\n\tat org.testng.internal.Invoker.invokeMethod(Invoker.java:583)\n\tat org.testng.internal.Invoker.invokeTestMethod(Invoker.java:719)\n\tat org.testng.internal.Invoker.invokeTestMethods(Invoker.java:989)\n\tat org.testng.internal.TestMethodWorker.invokeTestMethods(TestMethodWorker.java:125)\n\tat org.testng.internal.TestMethodWorker.run(TestMethodWorker.java:109)\n\tat org.testng.TestRunner.privateRun(TestRunner.java:648)\n\tat org.testng.TestRunner.run(TestRunner.java:505)\n\tat org.testng.SuiteRunner.runTest(SuiteRunner.java:455)\n\tat org.testng.SuiteRunner.runSequentially(SuiteRunner.java:450)\n\tat org.testng.SuiteRunner.privateRun(SuiteRunner.java:415)\n\tat org.testng.SuiteRunner.run(SuiteRunner.java:364)\n\tat org.testng.SuiteRunnerWorker.runSuite(SuiteRunnerWorker.java:52)\n\tat org.testng.SuiteRunnerWorker.run(SuiteRunnerWorker.java:84)\n\tat org.testng.TestNG.runSuitesSequentially(TestNG.java:1208)\n\tat org.testng.TestNG.runSuitesLocally(TestNG.java:1137)\n\tat org.testng.TestNG.runSuites(TestNG.java:1049)\n\tat org.testng.TestNG.run(TestNG.java:1017)\n\tat org.testng.IDEARemoteTestNG.run(IDEARemoteTestNG.java:73)\n\tat org.testng.RemoteTestNGStarter.main(RemoteTestNGStarter.java:123)\n"},"stage":"finished","description":"Логин с пустыми полями Login и Password:","start":1574682660942,"stop":1574682666340,"steps":[{"name":"Заходим на страницу: http://localhost:3000/admin","status":"passed","stage":"finished","start":1574682660976,"stop":1574682665945,"parameters":[{"name":"url","value":"http://localhost:3000/admin"}]},{"name":"Попробовать залогинится: , ","status":"passed","stage":"finished","start":1574682665946,"stop":1574682666267,"parameters":[{"name":"login","value":""},{"name":"pass","value":""}]},{"name":"Проверка текста ошибки полей login is required и password is required","status":"failed","statusDetails":{"known":false,"muted":false,"flaky":false,"message":"expected [[[ChromeDriver: chrome on LINUX (13b31161096d0e1f341b362116a9d393)] -> xpath: //div[contains(text(),'login is required')]]] but found [login is required]","trace":"java.lang.AssertionError: expected [[[ChromeDriver: chrome on LINUX (13b31161096d0e1f341b362116a9d393)] -> xpath: //div[contains(text(),'login is required')]]] but found [login is required]\n\tat org.testng.Assert.fail(Assert.java:96)\n\tat org.testng.Assert.failNotEquals(Assert.java:776)\n\tat org.testng.Assert.assertEqualsImpl(Assert.java:137)\n\tat org.testng.Assert.assertEquals(Assert.java:118)\n\tat org.testng.Assert.assertEquals(Assert.java:442)\n\tat tooSmart.Driver.Asserts.loginErrors_aroundBody0(Asserts.java:19)\n\tat tooSmart.Driver.Asserts$AjcClosure1.run(Asserts.java:1)\n\tat org.aspectj.runtime.reflect.JoinPointImpl.proceed(JoinPointImpl.java:149)\n\tat io.qameta.allure.aspects.StepsAspects.step(StepsAspects.java:46)\n\tat tooSmart.Driver.Asserts.loginErrors(Asserts.java:19)\n\tat tooSmart.LoginTests.loginEmpty(LoginTests.java:26)\n\tat java.base/jdk.internal.reflect.NativeMethodAccessorImpl.invoke0(Native Method)\n\tat java.base/jdk.internal.reflect.NativeMethodAccessorImpl.invoke(NativeMethodAccessorImpl.java:62)\n\tat java.base/jdk.internal.reflect.DelegatingMethodAccessorImpl.invoke(DelegatingMethodAccessorImpl.java:43)\n\tat java.base/java.lang.reflect.Method.invoke(Method.java:566)\n\tat org.testng.internal.MethodInvocationHelper.invokeMethod(MethodInvocationHelper.java:124)\n\tat org.testng.internal.Invoker.invokeMethod(Invoker.java:583)\n\tat org.testng.internal.Invoker.invokeTestMethod(Invoker.java:719)\n\tat org.testng.internal.Invoker.invokeTestMethods(Invoker.java:989)\n\tat org.testng.internal.TestMethodWorker.invokeTestMethods(TestMethodWorker.java:125)\n\tat org.testng.internal.TestMethodWorker.run(TestMethodWorker.java:109)\n\tat org.testng.TestRunner.privateRun(TestRunner.java:648)\n\tat org.testng.TestRunner.run(TestRunner.java:505)\n\tat org.testng.SuiteRunner.runTest(SuiteRunner.java:455)\n\tat org.testng.SuiteRunner.runSequentially(SuiteRunner.java:450)\n\tat org.testng.SuiteRunner.privateRun(SuiteRunner.java:415)\n\tat org.testng.SuiteRunner.run(SuiteRunner.java:364)\n\tat org.testng.SuiteRunnerWorker.runSuite(SuiteRunnerWorker.java:52)\n\tat org.testng.SuiteRunnerWorker.run(SuiteRunnerWorker.java:84)\n\tat org.testng.TestNG.runSuitesSequentially(TestNG.java:1208)\n\tat org.testng.TestNG.runSuitesLocally(TestNG.java:1137)\n\tat org.testng.TestNG.runSuites(TestNG.java:1049)\n\tat org.testng.TestNG.run(TestNG.java:1017)\n\tat org.testng.IDEARemoteTestNG.run(IDEARemoteTestNG.java:73)\n\tat org.testng.RemoteTestNGStarter.main(RemoteTestNGStarter.java:123)\n"},"stage":"finished","start":1574682666267,"stop":1574682666317,"parameters":[{"name":"login","value":"login is required"},{"name":"pass","value":"password is required"}]}],"parameters":[]}